[2025-02-06 21:30:30] Données reçues:
[{"id":2,"nom":"farina","prix":"1200.00","image":"uploads/téléchargement.webp","quantity":1}]

[2025-02-06 21:30:42] Données reçues:
[{"id":2,"nom":"farina","prix":"1200.00","image":"uploads/téléchargement.webp","quantity":1}]

[2025-02-06 21:30:50] Données reçues:
[{"id":2,"nom":"farina","prix":"1200.00","image":"uploads/téléchargement.webp","quantity":1}]

[2025-02-06 21:31:34] Données reçues:
[{"id":2,"nom":"farina","prix":"1200.00","image":"uploads/téléchargement.webp","quantity":1}]

[2025-02-06 21:34:05] Données reçues:
[{"id":2,"nom":"farina","prix":"1200.00","image":"uploads/téléchargement.webp","quantity":1}]

[2025-02-07 08:13:58] Données reçues:
[]

[2025-02-07 08:14:04] Données reçues:
[]

[2025-02-07 15:47:28] Données reçues:
[{"id":2,"nom":"farina","prix":"1200.00","image":"uploads/téléchargement.webp","quantity":1},{"id":4,"nom":"7chicha","prix":"13.20","image":"uploads/67a4aea1a54ed.jpg","quantity":1}]

[2025-02-07 15:47:32] Données reçues:
[{"id":2,"nom":"farina","prix":"1200.00","image":"uploads/téléchargement.webp","quantity":1},{"id":4,"nom":"7chicha","prix":"13.20","image":"uploads/67a4aea1a54ed.jpg","quantity":1}]

[2025-02-07 15:48:07] Données reçues:
[{"id":2,"nom":"farina","prix":"1200.00","image":"uploads/téléchargement.webp","quantity":1},{"id":4,"nom":"7chicha","prix":"13.20","image":"uploads/67a4aea1a54ed.jpg","quantity":1}]

[2025-02-07 15:48:21] Données reçues:
[{"id":2,"nom":"farina","prix":"1200.00","image":"uploads/téléchargement.webp","quantity":1},{"id":4,"nom":"7chicha","prix":"13.20","image":"uploads/67a4aea1a54ed.jpg","quantity":1}]

[2025-02-07 17:09:39] Données reçues:
[{"id":2,"nom":"farina","prix":"1200.00","image":"uploads/téléchargement.webp","quantity":2}]

[2025-02-07 18:08:36] Données reçues:
[{"id":3,"nom":"colgate","prix":"7800.00","image":"uploads/67a3ce7e0a324.png","quantity":3},{"id":2,"nom":"farina","prix":"1200.00","image":"uploads/téléchargement.webp","quantity":2},{"id":4,"nom":"7chicha","prix":"13200.00","image":"uploads/67a4aea1a54ed.jpg","quantity":2}]

[2025-02-07 21:01:33] Données reçues:
[{"id":2,"nom":"farina","prix":"1200.00","image":"uploads/téléchargement.webp","quantity":1}]

[2025-02-07 21:03:56] Données reçues:
[]

[2025-02-08 14:04:31] Données reçues:
[{"id":4,"nom":"7chicha","prix":"13200.00","image":"uploads/67a4aea1a54ed.jpg","quantity":2},{"id":3,"nom":"colgate","prix":"7800.00","image":"uploads/67a3ce7e0a324.png","quantity":1},{"id":2,"nom":"farina","prix":"1200.00","image":"uploads/téléchargement.webp","quantity":1}]

[2025-02-08 15:42:10] Données reçues:
[{"id":10,"nom":"ilyes","prix":"1000.00","image":"uploads/67a77ab871929.jpg","quantity":3}]

[2025-02-08 17:44:30] Données reçues:
[{"id":8,"nom":"chocloine","prix":"3200.00","image":"uploads/67a7725b1144a.jpg","quantity":2}]

[2025-02-08 17:44:38] Données reçues:
[{"id":8,"nom":"chocloine","prix":"3200.00","image":"uploads/67a7725b1144a.jpg","quantity":6}]

[2025-02-09 11:36:24] Données reçues:
[{"id":10,"nom":"ilyes","prix":"1000.00","image":"uploads/67a77ab871929.jpg","quantity":5},{"id":3,"nom":"colgate","prix":"7800.00","image":"uploads/67a3ce7e0a324.png","quantity":4},{"id":2,"nom":"farina","prix":"1200.00","image":"uploads/téléchargement.webp","quantity":4},{"id":4,"nom":"7chicha","prix":"13200.00","image":"uploads/67a4aea1a54ed.jpg","quantity":4}]

[2025-02-09 12:41:08] Données reçues:
[{"id":10,"nom":"ilyes","prix":"1000.00","image":"uploads/67a77ab871929.jpg","quantity":43},{"id":3,"nom":"colgate","prix":"7800.00","image":"uploads/67a3ce7e0a324.png","quantity":1},{"id":2,"nom":"farina","prix":"1200.00","image":"uploads/téléchargement.webp","quantity":1},{"id":4,"nom":"7chicha","prix":"13200.00","image":"uploads/67a4aea1a54ed.jpg","quantity":10}]

[2025-02-09 14:14:01] Données reçues:
[{"id":4,"nom":"7chicha","prix":"13200.00","image":"uploads/67a4aea1a54ed.jpg","quantity":1},{"id":10,"nom":"ilyes","prix":"1000.00","image":"uploads/67a77ab871929.jpg","quantity":18544}]

[2025-02-10 17:27:21] Données reçues:
[{"id":10,"nom":"ilyes","prix":"1000.00","image":"uploads/67a77ab871929.jpg","quantity":1},{"id":2,"nom":"farina","prix":"1200.00","image":"uploads/téléchargement.webp","quantity":1}]

[2025-02-20 13:30:47] Données reçues:
[{"id":10,"nom":"ilyes","prix":"1000.00","image":"uploads/67a77ab871929.jpg","quantity":1},{"id":2,"nom":"farina","prix":"1200.00","image":"uploads/téléchargement.webp","quantity":1}]

